[07:07:00] [ServerMain/INFO]: [bootstrap] Running Java 25 (Java HotSpot(TM) 64-Bit Server VM 25.0.1+8-LTS-27; Oracle Corporation null) on Windows 10 10.0 (amd64)
[07:07:00] [ServerMain/INFO]: [bootstrap] Loading Paper 1.21.11-54-main@6da8af7 (2025-12-23T19:13:29Z) for Minecraft 1.21.11
[07:07:01] [ServerMain/INFO]: [PluginInitializerManager] Initializing plugins...
[07:07:01] [ServerMain/INFO]: [PluginInitializerManager] Initialized 0 plugins
[07:07:07] [ServerMain/INFO]: Environment: Environment[sessionHost=https://sessionserver.mojang.com, servicesHost=https://api.minecraftservices.com, profilesHost=https://api.mojang.com, name=PROD]
[07:07:10] [ServerMain/INFO]: Loaded 1470 recipes
[07:07:10] [ServerMain/INFO]: Loaded 1584 advancements
[07:07:10] [ServerMain/INFO]: [ca.spottedleaf.dataconverter.minecraft.datatypes.MCTypeRegistry] Initialising converters for DataConverter...
[07:07:10] [ServerMain/INFO]: [ca.spottedleaf.dataconverter.minecraft.datatypes.MCTypeRegistry] Finished initialising converters for DataConverter in 352,8ms
[07:07:11] [Server thread/INFO]: Starting minecraft server version 1.21.11
[07:07:11] [Server thread/INFO]: Loading properties
[07:07:11] [Server thread/INFO]: This server is running Paper version 1.21.11-54-main@6da8af7 (2025-12-23T19:13:29Z) (Implementing API version 1.21.11-R0.1-SNAPSHOT)
[07:07:11] [Server thread/INFO]: [spark] This server bundles the spark profiler. For more information please visit https://docs.papermc.io/paper/profiling
[07:07:11] [Server thread/INFO]: Using 4 threads for Netty based IO
[07:07:11] [Server thread/INFO]: Server Ping Player Sample Count: 12
[07:07:12] [Server thread/INFO]: [MoonriseCommon] Paper is using 3 worker threads, 1 I/O threads
[07:07:12] [Server console handler/ERROR]: [TerminalConsole] Failed to read console input
java.io.IOException: Controlador no válido
	at java.base/java.io.FileInputStream.readBytes(Native Method) ~[?:?]
	at java.base/java.io.FileInputStream.read(FileInputStream.java:281) ~[?:?]
	at java.base/java.lang.System$In.read(System.java:1871) ~[?:?]
	at java.base/java.io.BufferedInputStream.read1(BufferedInputStream.java:328) ~[?:?]
	at java.base/java.io.BufferedInputStream.read(BufferedInputStream.java:388) ~[?:?]
	at java.base/sun.nio.cs.StreamDecoder.readBytes(StreamDecoder.java:279) ~[?:?]
	at java.base/sun.nio.cs.StreamDecoder.implRead(StreamDecoder.java:322) ~[?:?]
	at java.base/sun.nio.cs.StreamDecoder.read(StreamDecoder.java:186) ~[?:?]
	at java.base/java.io.InputStreamReader.read(InputStreamReader.java:183) ~[?:?]
	at java.base/java.io.BufferedReader.fill(BufferedReader.java:166) ~[?:?]
	at java.base/java.io.BufferedReader.readLine(BufferedReader.java:333) ~[?:?]
	at java.base/java.io.BufferedReader.readLine(BufferedReader.java:400) ~[?:?]
	at net.minecrell.terminalconsole.SimpleTerminalConsole.readCommands(SimpleTerminalConsole.java:180) ~[terminalconsoleappender-1.3.0.jar:?]
	at net.minecrell.terminalconsole.SimpleTerminalConsole.start(SimpleTerminalConsole.java:143) ~[terminalconsoleappender-1.3.0.jar:?]
	at net.minecraft.server.dedicated.DedicatedServer$1.run(DedicatedServer.java:198) ~[paper-1.21.11.jar:1.21.11-54-6da8af7]
	Suppressed: java.io.IOException: Controlador no válido
		at java.base/java.io.FileDescriptor.close0(Native Method)
		at java.base/java.io.FileDescriptor.close(FileDescriptor.java:304)
		at java.base/java.io.FileInputStream$1.close(FileInputStream.java:507)
		at java.base/java.io.FileDescriptor.closeAll(FileDescriptor.java:361)
		at java.base/java.io.FileInputStream.close(FileInputStream.java:505) ~[?:?]
		at java.base/java.io.BufferedInputStream.close(BufferedInputStream.java:526) ~[?:?]
		at java.base/sun.nio.cs.StreamDecoder.implClose(StreamDecoder.java:374) ~[?:?]
		at java.base/sun.nio.cs.StreamDecoder.close(StreamDecoder.java:207) ~[?:?]
		at java.base/java.io.InputStreamReader.close(InputStreamReader.java:198) ~[?:?]
		at java.base/java.io.BufferedReader.close(BufferedReader.java:529) ~[?:?]
		at net.minecrell.terminalconsole.SimpleTerminalConsole.readCommands(SimpleTerminalConsole.java:183) ~[terminalconsoleappender-1.3.0.jar:?]
		... 2 more
[07:07:12] [Server thread/INFO]: Default game type: SURVIVAL
[07:07:12] [Server thread/INFO]: Generating keypair
[07:07:12] [Server thread/INFO]: Starting Minecraft server on *:25565
[07:07:12] [Server thread/INFO]: Paper: Using Java compression from Velocity.
[07:07:12] [Server thread/INFO]: Paper: Using Java cipher from Velocity.
[07:07:12] [Server thread/INFO]: Server permissions file permissions.yml is empty, ignoring it
[07:07:12] [Server thread/WARN]: **** SERVER IS RUNNING IN OFFLINE/INSECURE MODE!
[07:07:12] [Server thread/WARN]: The server will make no attempt to authenticate usernames. Beware.
[07:07:12] [Server thread/WARN]: While this makes the game possible to play without internet access, it also opens up the ability for hackers to connect with any username they choose.
[07:07:12] [Server thread/WARN]: To change this, set "online-mode" to "true" in the server.properties file.
[07:07:12] [Server thread/INFO]: Preparing level "world"
[07:07:13] [Server thread/INFO]: Loading 0 persistent chunks for world 'minecraft:overworld'...
[07:07:13] [Server thread/INFO]: Prepared spawn area in 1 ms
[07:07:13] [Server thread/INFO]: Loading 0 persistent chunks for world 'minecraft:the_nether'...
[07:07:13] [Server thread/INFO]: Preparing spawn area: 100%
[07:07:13] [Server thread/INFO]: Prepared spawn area in 1 ms
[07:07:13] [Server thread/INFO]: Loading 0 persistent chunks for world 'minecraft:the_end'...
[07:07:13] [Server thread/INFO]: Prepared spawn area in 1 ms
[07:07:13] [Server thread/INFO]: Done preparing level "world" (1.026s)
[07:07:13] [Server thread/INFO]: [spark] Starting background profiler...
[07:07:13] [Server thread/INFO]: [spark] The async-profiler engine is not supported for your os/arch (windows10/amd64), so the built-in Java engine will be used instead.
[07:07:13] [Server thread/INFO]: Running delayed init tasks
[07:07:13] [Server thread/INFO]: Done (14.673s)! For help, type "help"
[07:07:15] [User Authenticator #0/INFO]: UUID of player Braka9029 is ea9dbab5-448d-3910-8648-8a5a8f6f44a1
[07:07:18] [Server thread/INFO]: Braka9029 joined the game
[07:07:18] [Server thread/INFO]: Braka9029[/127.178.115.81:60280] logged in with entity id 161 at ([world]-1574.4035041263544, 72.0, 118.47442361686036)
[07:20:24] [Server thread/INFO]: Braka9029 has made the advancement [A Throwaway Joke]
[07:23:20] [Server thread/INFO]: Braka9029 has made the advancement [Not Today, Thank You]
[07:41:27] [Server thread/INFO]: Braka9029 lost connection: Disconnected
[07:41:27] [Server thread/INFO]: Braka9029 left the game
[07:41:35] [Server thread/INFO]: Stopping the server
[07:41:35] [Server thread/INFO]: Stopping server
[07:41:35] [Server thread/INFO]: Saving players
[07:41:35] [Server thread/INFO]: Saving worlds
[07:41:35] [Server thread/INFO]: Saving chunks for level 'ServerLevel[world]'/minecraft:overworld
[07:41:35] [Server thread/INFO]: [ChunkHolderManager] Waiting 60s for chunk system to halt for world 'world'
[07:41:35] [Server thread/INFO]: [ChunkHolderManager] Halted chunk system for world 'world'
[07:41:35] [Server thread/INFO]: [ChunkHolderManager] Saving all chunkholders for world 'world'
[07:41:36] [Server thread/INFO]: [ChunkHolderManager] Saved 36 block chunks, 347 entity chunks, 6 poi chunks in world 'world' in 0,85s
[07:41:36] [Server thread/INFO]: [ChunkHolderManager] Waiting 60s for chunk I/O to halt for world 'world'
[07:41:36] [Server thread/INFO]: [ChunkHolderManager] Halted I/O scheduler for world 'world'
[07:41:38] [Server thread/INFO]: Saving chunks for level 'ServerLevel[world_nether]'/minecraft:the_nether
[07:41:38] [Server thread/INFO]: [ChunkHolderManager] Waiting 60s for chunk system to halt for world 'world_nether'
[07:41:38] [Server thread/INFO]: [ChunkHolderManager] Halted chunk system for world 'world_nether'
[07:41:38] [Server thread/INFO]: [ChunkHolderManager] Saving all chunkholders for world 'world_nether'
[07:41:38] [Server thread/INFO]: [ChunkHolderManager] Saved 20 block chunks, 133 entity chunks, 0 poi chunks in world 'world_nether' in 0,27s
[07:41:38] [Server thread/INFO]: [ChunkHolderManager] Waiting 60s for chunk I/O to halt for world 'world_nether'
[07:41:38] [Server thread/INFO]: [ChunkHolderManager] Halted I/O scheduler for world 'world_nether'
[07:41:38] [Server thread/INFO]: Saving chunks for level 'ServerLevel[world_the_end]'/minecraft:the_end
[07:41:39] [Server thread/INFO]: [ChunkHolderManager] Waiting 60s for chunk system to halt for world 'world_the_end'
[07:41:39] [Server thread/INFO]: [ChunkHolderManager] Halted chunk system for world 'world_the_end'
[07:41:39] [Server thread/INFO]: [ChunkHolderManager] Saving all chunkholders for world 'world_the_end'
[07:41:39] [Server thread/INFO]: [ChunkHolderManager] Saved 0 block chunks, 0 entity chunks, 0 poi chunks in world 'world_the_end' in 0,00s
[07:41:39] [Server thread/INFO]: [ChunkHolderManager] Waiting 60s for chunk I/O to halt for world 'world_the_end'
[07:41:39] [Server thread/INFO]: [ChunkHolderManager] Halted I/O scheduler for world 'world_the_end'
[07:41:39] [Server thread/INFO]: ThreadedAnvilChunkStorage (world): All chunks are saved
[07:41:39] [Server thread/INFO]: ThreadedAnvilChunkStorage (DIM-1): All chunks are saved
[07:41:39] [Server thread/INFO]: ThreadedAnvilChunkStorage (DIM1): All chunks are saved
[07:41:39] [Server thread/INFO]: ThreadedAnvilChunkStorage: All dimensions are saved
[07:41:39] [Server thread/INFO]: Waiting for all RegionFile I/O tasks to complete...
[07:41:39] [Server thread/INFO]: All RegionFile I/O tasks to complete
[07:41:39] [Server thread/INFO]: [MoonriseCommon] Awaiting termination of worker pool for up to 60s...
[07:41:39] [Server thread/INFO]: [MoonriseCommon] Awaiting termination of I/O pool for up to 60s...
